Arguments: 
  C:\Program Files\nodejs\node.exe C:\Users\ittov\.yarn\releases\yarn-1.22.10.cjs dev

PATH: 
  C:\Program Files (x86)\Common Files\Intel\Shared Libraries\redist\intel64\compiler;C:\ProgramData\Oracle\Java\javapath;C:\Program Files (x86)\Common Files\Oracle\Java\javapath;C:\Windows\system32;C:\Windows;C:\Windows\System32\Wbem;C:\Windows\System32\WindowsPowerShell\v1.0\;C:\Windows\System32\OpenSSH\;C:\Program Files (x86)\NVIDIA Corporation\PhysX\Common;C:\Program Files\NVIDIA Corporation\NVIDIA NvDLISR;D:\go\bin;C:\Program Files\nodejs\;C:\ProgramData\chocolatey\bin;C:\Program Files\Go\bin;C:\WINDOWS\system32;C:\WINDOWS;C:\WINDOWS\System32\Wbem;C:\WINDOWS\System32\WindowsPowerShell\v1.0\;C:\WINDOWS\System32\OpenSSH\;C:\Program Files\dotnet\;C:\Program Files\Git\cmd;C:\Users\ittov\AppData\Local\Programs\Python\Python39\Scripts\;C:\Users\ittov\AppData\Local\Programs\Python\Python39\;C:\Users\ittov\AppData\Local\Microsoft\WindowsApps;C:\Users\ittov\AppData\Local\atom\bin;C:\Users\ittov\AppData\Local\GitHubDesktop\bin;C:\Program Files\heroku\bin;C:\Users\ittov\AppData\Local\Programs\Microsoft VS Code\bin;D:\go\bin;C:\Users\ittov\AppData\Roaming\npm;C:\Users\ittov\go\bin;C:\Users\ittov\AppData\Local\Microsoft\WindowsApps;C:\Users\ittov\.dotnet\tools

Yarn version: 
  1.22.10

Node version: 
  14.16.0

Platform: 
  win32 x64

Trace: 
  SyntaxError: D:\Instaclone\server\package.json: Unexpected string in JSON at position 177
      at JSON.parse (<anonymous>)
      at C:\Users\ittov\.yarn\releases\yarn-1.22.10.cjs:1098:57
      at Generator.next (<anonymous>)
      at step (C:\Users\ittov\.yarn\releases\yarn-1.22.10.cjs:310:30)
      at C:\Users\ittov\.yarn\releases\yarn-1.22.10.cjs:321:13

npm manifest: 
  {
    "name": "instaclone",
    "version": "0.0.1",
    "description": "El servidor de la app Instaclone",
    "main": "index.js",
    "author": "Alvaro Valladares",
    "license": "MIT"
    "scripts": {
      "dev":"node ./index.js"
    }
  }

yarn manifest: 
  No manifest

Lockfile: 
  No lockfile
